 Arguments:  stepper-no  optimise-Voxels optimise-PiF-with-safety
 Testing with stepper number    14
              voxel optimisation      On
              Propagator safety optim On
 Setting up field of type: Cached Quadropole field, 20T/meter, cache=1cm
Over-riding  PropagatorInField to use Multi Locator. ( In the unit test code. ) 
 Using default values for  Min Eps = 5e-05 and  MaxEps = 0.001
 Test with no voxels
 Setting up field of type: Cached Quadropole field, 20T/meter, cache=1cm
Over-riding  PropagatorInField to use Multi Locator. ( In the unit test code. ) 


Test PropagateMagField: ***********************
 Starting New Particle with Position (0,0,0)
 and UnitVelocity (0,0.6,0.8)
 Momentum in GeV/c is 0.469136 = 469.136 MeV
Step#     X(mm)     Y(mm)     Z(mm)      N_x       N_y       N_z   Delta|N|  Delta(N_z)    StepLen   PhsStep    Safety         NextVolume 
    0         0         0         0         0       0.6       0.8  -1.1e-16  -1.1e-16       2.5       2.5        50        World 
    1         0       1.5         2         0       0.6       0.8   1.1e-16   1.1e-16         5         5      47.5        World 
    2         0       4.5         6         0  0.600596  0.799552  -1.1e-16  -0.00045        10        10      42.5        World 
    3         0   10.5026   13.9981         0  0.603557   0.79732         0   -0.0022        20        20      32.5        World 
    4         0   22.5421   29.9684         0   0.61665  0.787238   1.1e-16     -0.01        40        40        50        World 
    5         0   46.9251   61.6769         0  0.672047  0.740509         0    -0.047        80        80        50        World 
    6         0   98.2369   123.031         0  0.870609  0.491975         0     -0.25       160       160        50        World 
    7         0   220.628   225.023         0   0.53565  -0.84444         0      -1.3       320       320        50        World 
    8         0   507.376    184.79         0  -0.68013  0.733092  -1.1e-16       1.6       640       640   19.6584        World 
    9         0   104.292   79.4251         0  0.891001  0.454002   1.1e-16     -0.28      1280      1280        50        World 
   10         0  -233.197   188.106         0   0.40466 -0.914467  -1.1e-16      -1.4      2560      2560        50        World 
   11         0   -517.79   673.907         0 -0.653609  0.756832   1.1e-16       1.7      5120      5120   123.845        World 
   12         0  -82.6752   1562.81         0  0.886637  0.462466         0     -0.29     10240     10240   382.378        World 
   13         0   227.416   3069.41         0 -0.766177   0.64263         0      0.18   15553.7     20480   1676.49        World 
 Cached field: 
   Number of calls:        47252
   Number of evaluations : 6489

Test PropagateMagField: ***********************
 Starting New Particle with Position (0.2,0.3,0.4)
 and UnitVelocity (0.0733236,0.586588,0.806559)
 Momentum in GeV/c is 9.85186 = 9851.86 MeV
Step#     X(mm)     Y(mm)     Z(mm)      N_x       N_y       N_z   Delta|N|  Delta(N_z)    StepLen   PhsStep    Safety         NextVolume 
    0       0.2       0.3       0.4 0.0733233  0.586589  0.806559   1.1e-16  -2.5e-07       2.5       2.5         0 Big Target 2 
    1  0.383309   1.76647    2.4164 0.0733228   0.58659  0.806558         0  -4.9e-07         5         5   49.6167        World 
    2  0.749924   4.69942   6.44919 0.0733183  0.586619  0.806537         0  -2.1e-05        10        10   44.6167        World 
    3   1.48313   10.5654   14.5147  0.073299  0.586761  0.806436  -1.1e-16   -0.0001        20        20   34.6167        World 
    4   2.94932   22.2991   30.6445 0.0732123  0.587429  0.805957   1.1e-16  -0.00048        40        40   47.0507        World 
    5   5.87974   45.7814   62.8934 0.0728672  0.590145  0.804002         0    -0.002        80        80   44.1203        World 
    6   11.7244   92.8721   127.301 0.0715037  0.601063  0.795997         0    -0.008       160       160   38.2756        World 
    7   23.2858   188.072   255.374 0.0662738  0.644444  0.761774   2.2e-16    -0.034       320       320   26.7142        World 
    8   45.4133   386.604   505.312 0.0490218  0.805272  0.590875  -2.2e-16     -0.17       640       640   4.58669        World 
    9   82.6117   846.124   947.076  0.039652  0.887029 -0.460008  -1.1e-16      -1.1      1280      1280   104.433        World 
   10   130.305   2044.82   1137.88  0.155403 -0.850827  0.501939   1.1e-16      0.96      2560      2560   1185.42        World 
   11   479.783   1111.58   -31.889 -0.0148005 -0.593216  0.804907         0       0.3   783.373      5120   540.357        World 
   12   540.979       550   501.825 -0.0306441 -0.577604  0.815742         0     0.011   59.4431     10240         0    Target 4a 
   13   539.629   515.205       550  0.131905  -0.77719 -0.615286         0      -1.4     20480     20480         0        World 
 Cached field: 
   Number of calls:        57183
   Number of evaluations : 10865
Set Driver verbosity to -1
 Test with full voxels
 Setting up field of type: Cached Quadropole field, 20T/meter, cache=1cm
Over-riding  PropagatorInField to use Multi Locator. ( In the unit test code. ) 


Test PropagateMagField: ***********************
 Starting New Particle with Position (0,0,0)
 and UnitVelocity (0,0.6,0.8)
 Momentum in GeV/c is 0.469136 = 469.136 MeV
Step#     X(mm)     Y(mm)     Z(mm)      N_x       N_y       N_z   Delta|N|  Delta(N_z)    StepLen   PhsStep    Safety         NextVolume 
    0         0         0         0         0       0.6       0.8  -1.1e-16  -1.1e-16       2.5       2.5         0        World 
    1         0       1.5         2         0       0.6       0.8   1.1e-16   1.1e-16         5         5         0        World 
    2         0       4.5         6         0  0.600596  0.799552  -1.1e-16  -0.00045        10        10         0        World 
    3         0   10.5026   13.9981         0  0.603557   0.79732         0   -0.0022        20        20         0        World 
    4         0   22.5421   29.9684         0   0.61665  0.787238   1.1e-16     -0.01        40        40         0        World 
    5         0   46.9251   61.6769         0  0.672047  0.740509         0    -0.047        80        80         0        World 
    6         0   98.2369   123.031         0  0.870609  0.491975         0     -0.25       160       160         0        World 
    7         0   220.628   225.023         0   0.53565  -0.84444         0      -1.3       320       320         0        World 
    8         0   507.376    184.79         0  -0.68013  0.733092  -1.1e-16       1.6       640       640         0        World 
    9         0   104.292   79.4251         0  0.891001  0.454002   1.1e-16     -0.28      1280      1280         0        World 
   10         0  -233.197   188.106         0   0.40466 -0.914467  -1.1e-16      -1.4      2560      2560         0        World 
   11         0   -517.79   673.907         0 -0.653609  0.756832   1.1e-16       1.7      5120      5120         0        World 
   12         0  -82.6752   1562.81         0  0.886637  0.462466         0     -0.29     10240     10240         0        World 
   13         0   227.416   3069.41         0 -0.766177   0.64263         0      0.18   15553.7     20480   498.754        World 
 Cached field: 
   Number of calls:        104435
   Number of evaluations : 17354

Test PropagateMagField: ***********************
 Starting New Particle with Position (0.2,0.3,0.4)
 and UnitVelocity (0.0733236,0.586588,0.806559)
 Momentum in GeV/c is 9.85186 = 9851.86 MeV
Step#     X(mm)     Y(mm)     Z(mm)      N_x       N_y       N_z   Delta|N|  Delta(N_z)    StepLen   PhsStep    Safety         NextVolume 
    0       0.2       0.3       0.4 0.0733233  0.586589  0.806559   1.1e-16  -2.5e-07       2.5       2.5         0 Big Target 2 
    1  0.383309   1.76647    2.4164 0.0733228   0.58659  0.806558         0  -4.9e-07         5         5  0.383309        World 
    2  0.749924   4.69942   6.44919 0.0733183  0.586619  0.806537         0  -2.1e-05        10        10  0.749924        World 
    3   1.48313   10.5654   14.5147  0.073299  0.586761  0.806436  -1.1e-16   -0.0001        20        20   1.48313        World 
    4   2.94932   22.2991   30.6445 0.0732123  0.587429  0.805957   1.1e-16  -0.00048        40        40   2.94932        World 
    5   5.87974   45.7814   62.8934 0.0728672  0.590145  0.804002         0    -0.002        80        80   5.87974        World 
    6   11.7244   92.8721   127.301 0.0715037  0.601063  0.795997         0    -0.008       160       160   11.7244        World 
    7   23.2858   188.072   255.374 0.0662738  0.644444  0.761774   2.2e-16    -0.034       320       320   23.2858        World 
    8   45.4133   386.604   505.312 0.0490218  0.805272  0.590875  -2.2e-16     -0.17       640       640   4.58669        World 
    9   82.6117   846.124   947.076  0.039652  0.887029 -0.460008  -1.1e-16      -1.1      1280      1280   82.6117        World 
   10   130.305   2044.82   1137.88  0.155403 -0.850827  0.501939   1.1e-16      0.96      2560      2560   47.3951        World 
   11   479.783   1111.58   -31.889 -0.0148005 -0.593216  0.804907         0       0.3   783.373      5120    31.889        World 
   12   540.979       550   501.825 -0.0306441 -0.577604  0.815742         0     0.011   59.4431     10240         0    Target 4a 
   13   539.629   515.205       550  0.131905  -0.77719 -0.615286         0      -1.4     20480     20480         0        World 
 Cached field: 
   Number of calls:        114366
   Number of evaluations : 21730

----------------------------------------------------------
Test with more accurate parameters 
 Setting values for Min Eps = 2.5e-08 and MaxEps = 0.001
 Setting up field of type: Cached Quadropole field, 20T/meter, cache=1cm
Over-riding  PropagatorInField to use Multi Locator. ( In the unit test code. ) 


Test PropagateMagField: ***********************
 Starting New Particle with Position (0,0,0)
 and UnitVelocity (0,0.6,0.8)
 Momentum in GeV/c is 0.469136 = 469.136 MeV
Step#     X(mm)     Y(mm)     Z(mm)      N_x       N_y       N_z   Delta|N|  Delta(N_z)    StepLen   PhsStep    Safety         NextVolume 
    0         0         0         0         0       0.6       0.8  -1.1e-16  -1.1e-16       2.5       2.5         0        World 
    1         0       1.5         2         0       0.6       0.8   1.1e-16   1.1e-16         5         5         0        World 
    2         0       4.5         6         0  0.600596  0.799552  -1.1e-16  -0.00045        10        10         0        World 
    3         0   10.5026   13.9981         0  0.603557   0.79732         0   -0.0022        20        20         0        World 
    4         0   22.5421   29.9684         0   0.61665  0.787238   1.1e-16     -0.01        40        40         0        World 
    5         0   46.9251   61.6769         0  0.672047  0.740509         0    -0.047        80        80         0        World 
    6         0   98.2369   123.031         0  0.870609  0.491975         0     -0.25       160       160         0        World 
    7         0   220.628   225.023         0  0.538745 -0.842469         0      -1.3       320       320         0        World 
    8         0   507.675   185.361         0 -0.679058  0.734085         0       1.6       640       640         0        World 
    9         0   105.454   80.1429         0  0.894211  0.447646  -2.2e-16     -0.29      1280      1280         0        World 
   10         0  -238.215   192.206         0  0.146018 -0.989282   4.4e-16      -1.4      2560      2560         0        World 
   11         0  -532.432   764.842         0 -0.553047   0.83315  -2.2e-16       1.8      5120      5120         0        World 
   12         0   62.4956   1686.84         0 -0.629691  0.776846  -1.1e-16    -0.056     10240     10240         0        World 
   13         0  -158.323   4745.05         0  0.318529  0.947913   1.1e-16      0.17   1375.66     20480   254.947        World 
 Cached field: 
   Number of calls:        190408
   Number of evaluations : 25676

Test PropagateMagField: ***********************
 Starting New Particle with Position (0.2,0.3,0.4)
 and UnitVelocity (0.0733236,0.586588,0.806559)
 Momentum in GeV/c is 9.85186 = 9851.86 MeV
Step#     X(mm)     Y(mm)     Z(mm)      N_x       N_y       N_z   Delta|N|  Delta(N_z)    StepLen   PhsStep    Safety         NextVolume 
    0       0.2       0.3       0.4 0.0733233  0.586589  0.806559   1.1e-16  -2.5e-07       2.5       2.5         0 Big Target 2 
    1  0.383309   1.76647    2.4164 0.0733228   0.58659  0.806558         0  -4.9e-07         5         5  0.383309        World 
    2  0.749924   4.69942   6.44919 0.0733183  0.586619  0.806537         0  -2.1e-05        10        10  0.749924        World 
    3   1.48313   10.5654   14.5147  0.073299  0.586761  0.806436  -1.1e-16   -0.0001        20        20   1.48313        World 
    4   2.94932   22.2991   30.6445 0.0732123  0.587429  0.805957   1.1e-16  -0.00048        40        40   2.94932        World 
    5   5.87974   45.7814   62.8934 0.0728672  0.590145  0.804002         0    -0.002        80        80   5.87974        World 
    6   11.7244   92.8721   127.301 0.0715037  0.601063  0.795997         0    -0.008       160       160   11.7244        World 
    7   23.2858   188.072   255.374 0.0662748  0.644434  0.761782  -1.1e-16    -0.034       320       320   23.2858        World 
    8   45.4132   386.606   505.311 0.0490628  0.804685  0.591672         0     -0.17       640       640   4.58685        World 
    9   82.6268   845.944    947.28  0.039579   0.88775  -0.45862         0      -1.1      1280      1280   82.6268        World 
   10   130.314   2044.43   1139.96  0.155448 -0.851268  0.501177   1.1e-16      0.96      2560      2560   48.3402        World 
   11   479.423   1113.01  -30.6631 -0.0150205 -0.593359  0.804798         0       0.3   785.155      5120   30.6631        World 
   12   540.715       550   504.077 -0.0301161 -0.578472  0.815146         0      0.01   56.6898     10240         0    Target 4a 
   13   539.436   516.788       550 0.0425029 -0.840455 -0.540212  -1.1e-16      -1.4     20480     20480         0        World 
 Cached field: 
   Number of calls:        244794
   Number of evaluations : 31096
 Now test with optimisation off
 Setting up field of type: Cached Quadropole field, 20T/meter, cache=1cm
Over-riding  PropagatorInField to use Multi Locator. ( In the unit test code. ) 


Test PropagateMagField: ***********************
 Starting New Particle with Position (0,0,0)
 and UnitVelocity (0,0.6,0.8)
 Momentum in GeV/c is 0.469136 = 469.136 MeV
Step#     X(mm)     Y(mm)     Z(mm)      N_x       N_y       N_z   Delta|N|  Delta(N_z)    StepLen   PhsStep    Safety         NextVolume 
    0         0         0         0         0       0.6       0.8  -1.1e-16  -1.1e-16       2.5       2.5        50        World 
    1         0       1.5         2         0       0.6       0.8   1.1e-16   1.1e-16         5         5        50        World 
    2         0       4.5         6         0  0.600596  0.799552  -1.1e-16  -0.00045        10        10        50        World 
    3         0   10.5026   13.9981         0  0.603557   0.79732         0   -0.0022        20        20        50        World 
    4         0   22.5421   29.9684         0   0.61665  0.787238   1.1e-16     -0.01        40        40        50        World 
    5         0   46.9251   61.6769         0  0.672047  0.740509         0    -0.047        80        80        50        World 
    6         0   98.2369   123.031         0  0.870609  0.491975         0     -0.25       160       160        50        World 
    7         0   220.628   225.023         0  0.538745 -0.842469         0      -1.3       320       320        50        World 
    8         0   507.675   185.361         0 -0.679058  0.734085         0       1.6       640       640        50        World 
    9         0   105.454   80.1429         0  0.894211  0.447646  -2.2e-16     -0.29      1280      1280        50        World 
   10         0  -238.215   192.206         0  0.146018 -0.989282   4.4e-16      -1.4      2560      2560        50        World 
   11         0  -532.432   764.842         0 -0.553047   0.83315  -2.2e-16       1.8      5120      5120   214.842        World 
   12         0   62.4956   1686.84         0 -0.629691  0.776846  -1.1e-16    -0.056     10240     10240   1136.84        World 
   13         0  -158.323   4745.05         0  0.318529  0.947913   1.1e-16      0.17   1375.66     20480   254.947        World 
 Cached field: 
   Number of calls:        320836
   Number of evaluations : 35042

Test PropagateMagField: ***********************
 Starting New Particle with Position (0.2,0.3,0.4)
 and UnitVelocity (0.0733236,0.586588,0.806559)
 Momentum in GeV/c is 9.85186 = 9851.86 MeV
Step#     X(mm)     Y(mm)     Z(mm)      N_x       N_y       N_z   Delta|N|  Delta(N_z)    StepLen   PhsStep    Safety         NextVolume 
    0       0.2       0.3       0.4 0.0733233  0.586589  0.806559   1.1e-16  -2.5e-07       2.5       2.5         0 Big Target 2 
    1  0.383309   1.76647    2.4164 0.0733228   0.58659  0.806558         0  -4.9e-07         5         5   49.6167        World 
    2  0.749924   4.69942   6.44919 0.0733183  0.586619  0.806537         0  -2.1e-05        10        10   49.2501        World 
    3   1.48313   10.5654   14.5147  0.073299  0.586761  0.806436  -1.1e-16   -0.0001        20        20   48.5169        World 
    4   2.94932   22.2991   30.6445 0.0732123  0.587429  0.805957   1.1e-16  -0.00048        40        40   47.0507        World 
    5   5.87974   45.7814   62.8934 0.0728672  0.590145  0.804002         0    -0.002        80        80   44.1203        World 
    6   11.7244   92.8721   127.301 0.0715037  0.601063  0.795997         0    -0.008       160       160   38.2756        World 
    7   23.2858   188.072   255.374 0.0662748  0.644434  0.761782  -1.1e-16    -0.034       320       320   26.7142        World 
    8   45.4132   386.606   505.311 0.0490628  0.804685  0.591672         0     -0.17       640       640   4.58685        World 
    9   82.6268   845.944    947.28  0.039579   0.88775  -0.45862         0      -1.1      1280      1280    397.28        World 
   10   130.314   2044.43   1139.96  0.155448 -0.851268  0.501177   1.1e-16      0.96      2560      2560   1494.43        World 
   11   479.423   1113.01  -30.6631 -0.0150205 -0.593359  0.804798         0       0.3   785.155      5120   563.011        World 
   12   540.715       550   504.077 -0.0301161 -0.578472  0.815146         0      0.01   56.6898     10240         0    Target 4a 
   13   539.436   516.788       550 0.0425029 -0.840455 -0.540212  -1.1e-16      -1.4     20480     20480         0        World 
 Cached field: 
   Number of calls:        375222
   Number of evaluations : 40462
